  Calculator.cpp
  main.cpp
  Polynomial.cpp
Polynomial.cpp(10): warning C4018: “<”: 有符号/无符号不匹配
Polynomial.cpp(11): warning C4018: “<”: 有符号/无符号不匹配
Polynomial.cpp(25): warning C4018: “<”: 有符号/无符号不匹配
Polynomial.cpp(26): warning C4018: “<”: 有符号/无符号不匹配
Polynomial.cpp(30): warning C4018: “<”: 有符号/无符号不匹配
Polynomial.cpp(41): warning C4018: “<”: 有符号/无符号不匹配
Polynomial.cpp(51): warning C4018: “<”: 有符号/无符号不匹配
Polynomial.cpp(52): warning C4018: “<”: 有符号/无符号不匹配
Polynomial.cpp(56): warning C4018: “<”: 有符号/无符号不匹配
Polynomial.cpp(72): warning C4018: “<”: 有符号/无符号不匹配
Polynomial.cpp(81): warning C4018: “<”: 有符号/无符号不匹配
Polynomial.cpp(84): warning C4018: “<”: 有符号/无符号不匹配
Polynomial.cpp(98): warning C4018: “<”: 有符号/无符号不匹配
Polynomial.cpp(115): warning C4018: “<”: 有符号/无符号不匹配
Polynomial.cpp(139): warning C4018: “<”: 有符号/无符号不匹配
Polynomial.cpp(154): warning C4018: “<”: 有符号/无符号不匹配
  正在生成代码
  All 456 functions were compiled because no usable IPDB/IOBJ from previous compilation was found.
  已完成代码的生成
  PolynomialCalculator.vcxproj -> D:\Documents\GitHub\PolynomialCalculator\Release\PolynomialCalculator.exe
